2023-02-20 14:41:12.813733: I tensorflow/core/platform/cpu_feature_guard.cc:142] This TensorFlow binary is optimized with oneAPI Deep Neural Network Library (oneDNN) to use the following CPU instructions in performance-critical operations:  AVX2 AVX512F FMA
To enable them in other operations, rebuild TensorFlow with the appropriate compiler flags.
2023-02-20 14:41:13.920066: I tensorflow/core/common_runtime/gpu/gpu_device.cc:1510] Created device /job:localhost/replica:0/task:0/device:GPU:0 with 11317 MB memory:  -> device: 0, name: Tesla P100-PCIE-12GB, pci bus id: 0000:65:00.0, compute capability: 6.0
2023-02-20 14:42:01.242971: I tensorflow/compiler/mlir/mlir_graph_optimization_pass.cc:185] None of the MLIR Optimization Passes are enabled (registered 2)
2023-02-20 14:42:03.042479: I tensorflow/stream_executor/cuda/cuda_dnn.cc:369] Loaded cuDNN version 8100
jetUps= (None, 30, 30, 2)
NNinputs= (None, 30, 30, 4)
ComplInput= (None, 30, 30, 6)
Model: "model"
__________________________________________________________________________________________________
Layer (type)                    Output Shape         Param #     Connected to                     
==================================================================================================
input_1 (InputLayer)            [(None, 1)]          0                                            
__________________________________________________________________________________________________
input_2 (InputLayer)            [(None, 1)]          0                                            
__________________________________________________________________________________________________
concatenate (Concatenate)       (None, 2)            0           input_1[0][0]                    
                                                                 input_2[0][0]                    
__________________________________________________________________________________________________
reshape (Reshape)               (None, 1, 1, 2)      0           concatenate[0][0]                
__________________________________________________________________________________________________
input_3 (InputLayer)            [(None, 30, 30, 4)]  0                                            
__________________________________________________________________________________________________
up_sampling2d (UpSampling2D)    (None, 30, 30, 2)    0           reshape[0][0]                    
__________________________________________________________________________________________________
concatenate_1 (Concatenate)     (None, 30, 30, 6)    0           input_3[0][0]                    
                                                                 up_sampling2d[0][0]              
__________________________________________________________________________________________________
conv2d (Conv2D)                 (None, 30, 30, 50)   14750       concatenate_1[0][0]              
__________________________________________________________________________________________________
conv2d_1 (Conv2D)               (None, 30, 30, 40)   50040       conv2d[0][0]                     
__________________________________________________________________________________________________
conv2d_2 (Conv2D)               (None, 30, 30, 40)   40040       conv2d_1[0][0]                   
__________________________________________________________________________________________________
conv2d_3 (Conv2D)               (None, 30, 30, 30)   30030       conv2d_2[0][0]                   
__________________________________________________________________________________________________
conv2d_4 (Conv2D)               (None, 30, 30, 30)   8130        conv2d_3[0][0]                   
__________________________________________________________________________________________________
conv2d_5 (Conv2D)               (None, 30, 30, 30)   8130        conv2d_4[0][0]                   
__________________________________________________________________________________________________
conv2d_9 (Conv2D)               (None, 30, 30, 30)   8130        conv2d_4[0][0]                   
__________________________________________________________________________________________________
conv2d_6 (Conv2D)               (None, 30, 30, 30)   8130        conv2d_5[0][0]                   
__________________________________________________________________________________________________
conv2d_10 (Conv2D)              (None, 30, 30, 25)   6775        conv2d_9[0][0]                   
__________________________________________________________________________________________________
conv2d_7 (Conv2D)               (None, 30, 30, 30)   8130        conv2d_6[0][0]                   
__________________________________________________________________________________________________
conv2d_11 (Conv2D)              (None, 30, 30, 20)   4520        conv2d_10[0][0]                  
__________________________________________________________________________________________________
conv2d_8 (Conv2D)               (None, 30, 30, 18)   4878        conv2d_7[0][0]                   
__________________________________________________________________________________________________
conv2d_12 (Conv2D)              (None, 30, 30, 6)    1086        conv2d_11[0][0]                  
__________________________________________________________________________________________________
reshape_1 (Reshape)             (None, 30, 30, 3, 6) 0           conv2d_8[0][0]                   
__________________________________________________________________________________________________
reshape_2 (Reshape)             (None, 30, 30, 3, 2) 0           conv2d_12[0][0]                  
==================================================================================================
Total params: 192,769
Trainable params: 192,769
Non-trainable params: 0
__________________________________________________________________________________________________
number of  file= 273
number of file validation= 68
total number of events = 8341541
total number of events validation= 2079273
Number of Steps= 130336.578125
training: start
Epoch 21/30
130336/130336 - 13911s - loss: 0.6190 - reshape_1_loss: 0.2864 - reshape_2_loss: 0.3327 - val_loss: 0.6187 - val_reshape_1_loss: 0.2872 - val_reshape_2_loss: 0.3316

Epoch 00021: saving model to weights.21-0.6187.hdf5
Epoch 22/30
130336/130336 - 13815s - loss: 0.6170 - reshape_1_loss: 0.2863 - reshape_2_loss: 0.3306 - val_loss: 0.6169 - val_reshape_1_loss: 0.2871 - val_reshape_2_loss: 0.3299

Epoch 00022: saving model to weights.22-0.6169.hdf5
Epoch 23/30
130336/130336 - 13767s - loss: 0.6159 - reshape_1_loss: 0.2863 - reshape_2_loss: 0.3296 - val_loss: 0.6158 - val_reshape_1_loss: 0.2869 - val_reshape_2_loss: 0.3290

Epoch 00023: saving model to weights.23-0.6158.hdf5
Epoch 24/30
130336/130336 - 13561s - loss: 0.6151 - reshape_1_loss: 0.2862 - reshape_2_loss: 0.3289 - val_loss: 0.6156 - val_reshape_1_loss: 0.2870 - val_reshape_2_loss: 0.3286

Epoch 00024: saving model to weights.24-0.6156.hdf5
Epoch 25/30
130336/130336 - 13729s - loss: 0.6145 - reshape_1_loss: 0.2861 - reshape_2_loss: 0.3284 - val_loss: 0.6150 - val_reshape_1_loss: 0.2869 - val_reshape_2_loss: 0.3281

Epoch 00025: saving model to weights.25-0.6150.hdf5
Epoch 26/30
130336/130336 - 12938s - loss: 0.6139 - reshape_1_loss: 0.2860 - reshape_2_loss: 0.3279 - val_loss: 0.6142 - val_reshape_1_loss: 0.2867 - val_reshape_2_loss: 0.3275

Epoch 00026: saving model to weights.26-0.6142.hdf5
Epoch 27/30
130336/130336 - 10024s - loss: 0.6135 - reshape_1_loss: 0.2859 - reshape_2_loss: 0.3276 - val_loss: 0.6146 - val_reshape_1_loss: 0.2869 - val_reshape_2_loss: 0.3277

Epoch 00027: saving model to weights.27-0.6146.hdf5
Epoch 28/30
130336/130336 - 10362s - loss: 0.6131 - reshape_1_loss: 0.2858 - reshape_2_loss: 0.3273 - val_loss: 0.6145 - val_reshape_1_loss: 0.2868 - val_reshape_2_loss: 0.3277

Epoch 00028: saving model to weights.28-0.6145.hdf5
Epoch 29/30
130336/130336 - 11977s - loss: 0.6128 - reshape_1_loss: 0.2858 - reshape_2_loss: 0.3270 - val_loss: 0.6136 - val_reshape_1_loss: 0.2866 - val_reshape_2_loss: 0.3270

Epoch 00029: saving model to weights.29-0.6136.hdf5
Epoch 30/30
130336/130336 - 13595s - loss: 0.6125 - reshape_1_loss: 0.2857 - reshape_2_loss: 0.3268 - val_loss: 0.6151 - val_reshape_1_loss: 0.2871 - val_reshape_2_loss: 0.3280

Epoch 00030: saving model to weights.30-0.6151.hdf5
done running; now save
training: completed
