2023-02-23 14:01:38.157127: I tensorflow/core/platform/cpu_feature_guard.cc:142] This TensorFlow binary is optimized with oneAPI Deep Neural Network Library (oneDNN) to use the following CPU instructions in performance-critical operations:  AVX2 AVX512F FMA
To enable them in other operations, rebuild TensorFlow with the appropriate compiler flags.
2023-02-23 14:01:39.046454: I tensorflow/core/common_runtime/gpu/gpu_device.cc:1510] Created device /job:localhost/replica:0/task:0/device:GPU:0 with 11317 MB memory:  -> device: 0, name: Tesla P100-PCIE-12GB, pci bus id: 0000:65:00.0, compute capability: 6.0
2023-02-23 14:02:27.204119: I tensorflow/compiler/mlir/mlir_graph_optimization_pass.cc:185] None of the MLIR Optimization Passes are enabled (registered 2)
2023-02-23 14:02:29.063729: I tensorflow/stream_executor/cuda/cuda_dnn.cc:369] Loaded cuDNN version 8100
jetUps= (None, 30, 30, 2)
NNinputs= (None, 30, 30, 4)
ComplInput= (None, 30, 30, 6)
Model: "model"
__________________________________________________________________________________________________
Layer (type)                    Output Shape         Param #     Connected to                     
==================================================================================================
input_1 (InputLayer)            [(None, 1)]          0                                            
__________________________________________________________________________________________________
input_2 (InputLayer)            [(None, 1)]          0                                            
__________________________________________________________________________________________________
concatenate (Concatenate)       (None, 2)            0           input_1[0][0]                    
                                                                 input_2[0][0]                    
__________________________________________________________________________________________________
reshape (Reshape)               (None, 1, 1, 2)      0           concatenate[0][0]                
__________________________________________________________________________________________________
input_3 (InputLayer)            [(None, 30, 30, 4)]  0                                            
__________________________________________________________________________________________________
up_sampling2d (UpSampling2D)    (None, 30, 30, 2)    0           reshape[0][0]                    
__________________________________________________________________________________________________
concatenate_1 (Concatenate)     (None, 30, 30, 6)    0           input_3[0][0]                    
                                                                 up_sampling2d[0][0]              
__________________________________________________________________________________________________
conv2d (Conv2D)                 (None, 30, 30, 50)   14750       concatenate_1[0][0]              
__________________________________________________________________________________________________
conv2d_1 (Conv2D)               (None, 30, 30, 40)   50040       conv2d[0][0]                     
__________________________________________________________________________________________________
conv2d_2 (Conv2D)               (None, 30, 30, 40)   40040       conv2d_1[0][0]                   
__________________________________________________________________________________________________
conv2d_3 (Conv2D)               (None, 30, 30, 30)   30030       conv2d_2[0][0]                   
__________________________________________________________________________________________________
conv2d_4 (Conv2D)               (None, 30, 30, 30)   8130        conv2d_3[0][0]                   
__________________________________________________________________________________________________
conv2d_5 (Conv2D)               (None, 30, 30, 30)   8130        conv2d_4[0][0]                   
__________________________________________________________________________________________________
conv2d_9 (Conv2D)               (None, 30, 30, 30)   8130        conv2d_4[0][0]                   
__________________________________________________________________________________________________
conv2d_6 (Conv2D)               (None, 30, 30, 30)   8130        conv2d_5[0][0]                   
__________________________________________________________________________________________________
conv2d_10 (Conv2D)              (None, 30, 30, 25)   6775        conv2d_9[0][0]                   
__________________________________________________________________________________________________
conv2d_7 (Conv2D)               (None, 30, 30, 30)   8130        conv2d_6[0][0]                   
__________________________________________________________________________________________________
conv2d_11 (Conv2D)              (None, 30, 30, 20)   4520        conv2d_10[0][0]                  
__________________________________________________________________________________________________
conv2d_8 (Conv2D)               (None, 30, 30, 18)   4878        conv2d_7[0][0]                   
__________________________________________________________________________________________________
conv2d_12 (Conv2D)              (None, 30, 30, 6)    1086        conv2d_11[0][0]                  
__________________________________________________________________________________________________
reshape_1 (Reshape)             (None, 30, 30, 3, 6) 0           conv2d_8[0][0]                   
__________________________________________________________________________________________________
reshape_2 (Reshape)             (None, 30, 30, 3, 2) 0           conv2d_12[0][0]                  
==================================================================================================
Total params: 192,769
Trainable params: 192,769
Non-trainable params: 0
__________________________________________________________________________________________________
number of  file= 273
number of file validation= 68
total number of events = 8341541
total number of events validation= 2079273
Number of Steps= 130336.578125
training: start
Epoch 31/35
130336/130336 - 9474s - loss: 0.6105 - reshape_1_loss: 0.2851 - reshape_2_loss: 0.3255 - val_loss: 0.6115 - val_reshape_1_loss: 0.2859 - val_reshape_2_loss: 0.3256

Epoch 00031: saving model to weights.31-0.6115.hdf5
Epoch 32/35
130336/130336 - 11756s - loss: 0.6105 - reshape_1_loss: 0.2851 - reshape_2_loss: 0.3254 - val_loss: 0.6115 - val_reshape_1_loss: 0.2860 - val_reshape_2_loss: 0.3256

Epoch 00032: saving model to weights.32-0.6115.hdf5
Epoch 33/35
130336/130336 - 13842s - loss: 0.6104 - reshape_1_loss: 0.2851 - reshape_2_loss: 0.3253 - val_loss: 0.6114 - val_reshape_1_loss: 0.2859 - val_reshape_2_loss: 0.3255

Epoch 00033: saving model to weights.33-0.6114.hdf5
Epoch 34/35
130336/130336 - 13710s - loss: 0.6103 - reshape_1_loss: 0.2850 - reshape_2_loss: 0.3253 - val_loss: 0.6113 - val_reshape_1_loss: 0.2858 - val_reshape_2_loss: 0.3255

Epoch 00034: saving model to weights.34-0.6113.hdf5
Epoch 35/35
130336/130336 - 13873s - loss: 0.6102 - reshape_1_loss: 0.2850 - reshape_2_loss: 0.3252 - val_loss: 0.6113 - val_reshape_1_loss: 0.2858 - val_reshape_2_loss: 0.3255

Epoch 00035: saving model to weights.35-0.6113.hdf5
done running; now save
training: completed
