2023-02-15 18:12:38.322083: I tensorflow/core/platform/cpu_feature_guard.cc:142] This TensorFlow binary is optimized with oneAPI Deep Neural Network Library (oneDNN) to use the following CPU instructions in performance-critical operations:  AVX2 AVX512F FMA
To enable them in other operations, rebuild TensorFlow with the appropriate compiler flags.
2023-02-15 18:12:39.668402: I tensorflow/core/common_runtime/gpu/gpu_device.cc:1510] Created device /job:localhost/replica:0/task:0/device:GPU:0 with 11317 MB memory:  -> device: 0, name: Tesla P100-PCIE-12GB, pci bus id: 0000:65:00.0, compute capability: 6.0
2023-02-15 18:13:26.865718: I tensorflow/compiler/mlir/mlir_graph_optimization_pass.cc:185] None of the MLIR Optimization Passes are enabled (registered 2)
2023-02-15 18:13:29.256132: I tensorflow/stream_executor/cuda/cuda_dnn.cc:369] Loaded cuDNN version 8100
jetUps= (None, 30, 30, 2)
NNinputs= (None, 30, 30, 4)
ComplInput= (None, 30, 30, 6)
Model: "model"
__________________________________________________________________________________________________
Layer (type)                    Output Shape         Param #     Connected to                     
==================================================================================================
input_1 (InputLayer)            [(None, 1)]          0                                            
__________________________________________________________________________________________________
input_2 (InputLayer)            [(None, 1)]          0                                            
__________________________________________________________________________________________________
concatenate (Concatenate)       (None, 2)            0           input_1[0][0]                    
                                                                 input_2[0][0]                    
__________________________________________________________________________________________________
reshape (Reshape)               (None, 1, 1, 2)      0           concatenate[0][0]                
__________________________________________________________________________________________________
input_3 (InputLayer)            [(None, 30, 30, 4)]  0                                            
__________________________________________________________________________________________________
up_sampling2d (UpSampling2D)    (None, 30, 30, 2)    0           reshape[0][0]                    
__________________________________________________________________________________________________
concatenate_1 (Concatenate)     (None, 30, 30, 6)    0           input_3[0][0]                    
                                                                 up_sampling2d[0][0]              
__________________________________________________________________________________________________
conv2d (Conv2D)                 (None, 30, 30, 50)   14750       concatenate_1[0][0]              
__________________________________________________________________________________________________
conv2d_1 (Conv2D)               (None, 30, 30, 40)   50040       conv2d[0][0]                     
__________________________________________________________________________________________________
conv2d_2 (Conv2D)               (None, 30, 30, 40)   40040       conv2d_1[0][0]                   
__________________________________________________________________________________________________
conv2d_3 (Conv2D)               (None, 30, 30, 30)   30030       conv2d_2[0][0]                   
__________________________________________________________________________________________________
conv2d_4 (Conv2D)               (None, 30, 30, 30)   8130        conv2d_3[0][0]                   
__________________________________________________________________________________________________
conv2d_5 (Conv2D)               (None, 30, 30, 30)   8130        conv2d_4[0][0]                   
__________________________________________________________________________________________________
conv2d_9 (Conv2D)               (None, 30, 30, 30)   8130        conv2d_4[0][0]                   
__________________________________________________________________________________________________
conv2d_6 (Conv2D)               (None, 30, 30, 30)   8130        conv2d_5[0][0]                   
__________________________________________________________________________________________________
conv2d_10 (Conv2D)              (None, 30, 30, 25)   6775        conv2d_9[0][0]                   
__________________________________________________________________________________________________
conv2d_7 (Conv2D)               (None, 30, 30, 30)   8130        conv2d_6[0][0]                   
__________________________________________________________________________________________________
conv2d_11 (Conv2D)              (None, 30, 30, 20)   4520        conv2d_10[0][0]                  
__________________________________________________________________________________________________
conv2d_8 (Conv2D)               (None, 30, 30, 18)   4878        conv2d_7[0][0]                   
__________________________________________________________________________________________________
conv2d_12 (Conv2D)              (None, 30, 30, 6)    1086        conv2d_11[0][0]                  
__________________________________________________________________________________________________
reshape_1 (Reshape)             (None, 30, 30, 3, 6) 0           conv2d_8[0][0]                   
__________________________________________________________________________________________________
reshape_2 (Reshape)             (None, 30, 30, 3, 2) 0           conv2d_12[0][0]                  
==================================================================================================
Total params: 192,769
Trainable params: 192,769
Non-trainable params: 0
__________________________________________________________________________________________________
number of  file= 273
number of file validation= 68
total number of events = 8341541
total number of events validation= 2079273
Number of Steps= 130336.578125
training: start
Epoch 1/10
130336/130336 - 13603s - loss: 0.8087 - reshape_1_loss: 0.3505 - reshape_2_loss: 0.4582 - val_loss: 0.7435 - val_reshape_1_loss: 0.3176 - val_reshape_2_loss: 0.4259

Epoch 00001: saving model to weights.01-0.7435.hdf5
Epoch 2/10
130336/130336 - 13659s - loss: 0.7296 - reshape_1_loss: 0.3100 - reshape_2_loss: 0.4196 - val_loss: 0.7196 - val_reshape_1_loss: 0.3061 - val_reshape_2_loss: 0.4135

Epoch 00002: saving model to weights.02-0.7196.hdf5
Epoch 3/10
130336/130336 - 13420s - loss: 0.7148 - reshape_1_loss: 0.3030 - reshape_2_loss: 0.4118 - val_loss: 0.7096 - val_reshape_1_loss: 0.3007 - val_reshape_2_loss: 0.4089

Epoch 00003: saving model to weights.03-0.7096.hdf5
Epoch 4/10
130336/130336 - 13514s - loss: 0.7062 - reshape_1_loss: 0.2992 - reshape_2_loss: 0.4070 - val_loss: 0.7017 - val_reshape_1_loss: 0.2974 - val_reshape_2_loss: 0.4043

Epoch 00004: saving model to weights.04-0.7017.hdf5
Epoch 5/10
130336/130336 - 12850s - loss: 0.7005 - reshape_1_loss: 0.2969 - reshape_2_loss: 0.4036 - val_loss: 0.6977 - val_reshape_1_loss: 0.2956 - val_reshape_2_loss: 0.4020

Epoch 00005: saving model to weights.05-0.6977.hdf5
Epoch 6/10
130336/130336 - 12713s - loss: 0.6965 - reshape_1_loss: 0.2955 - reshape_2_loss: 0.4010 - val_loss: 0.6943 - val_reshape_1_loss: 0.2949 - val_reshape_2_loss: 0.3993

Epoch 00006: saving model to weights.06-0.6943.hdf5
Epoch 7/10
130336/130336 - 12443s - loss: 0.6940 - reshape_1_loss: 0.2947 - reshape_2_loss: 0.3993 - val_loss: 0.6936 - val_reshape_1_loss: 0.2946 - val_reshape_2_loss: 0.3990

Epoch 00007: saving model to weights.07-0.6936.hdf5
Epoch 8/10
130336/130336 - 11732s - loss: 0.6912 - reshape_1_loss: 0.2936 - reshape_2_loss: 0.3975 - val_loss: 0.6888 - val_reshape_1_loss: 0.2931 - val_reshape_2_loss: 0.3957

Epoch 00008: saving model to weights.08-0.6888.hdf5
Epoch 9/10
130336/130336 - 10388s - loss: 0.6891 - reshape_1_loss: 0.2929 - reshape_2_loss: 0.3962 - val_loss: 0.6897 - val_reshape_1_loss: 0.2937 - val_reshape_2_loss: 0.3960

Epoch 00009: saving model to weights.09-0.6897.hdf5
Epoch 10/10
130336/130336 - 13259s - loss: 0.6873 - reshape_1_loss: 0.2922 - reshape_2_loss: 0.3951 - val_loss: 0.6882 - val_reshape_1_loss: 0.2927 - val_reshape_2_loss: 0.3954

Epoch 00010: saving model to weights.10-0.6882.hdf5
done running; now save
training: completed
