2023-03-14 12:01:27.514913: I tensorflow/core/platform/cpu_feature_guard.cc:142] This TensorFlow binary is optimized with oneAPI Deep Neural Network Library (oneDNN) to use the following CPU instructions in performance-critical operations:  AVX2 AVX512F FMA
To enable them in other operations, rebuild TensorFlow with the appropriate compiler flags.
2023-03-14 12:01:28.215628: I tensorflow/core/common_runtime/gpu/gpu_device.cc:1510] Created device /job:localhost/replica:0/task:0/device:GPU:0 with 11317 MB memory:  -> device: 0, name: Tesla P100-PCIE-12GB, pci bus id: 0000:65:00.0, compute capability: 6.0
2023-03-14 12:02:15.916806: I tensorflow/compiler/mlir/mlir_graph_optimization_pass.cc:185] None of the MLIR Optimization Passes are enabled (registered 2)
2023-03-14 12:02:17.597693: I tensorflow/stream_executor/cuda/cuda_dnn.cc:369] Loaded cuDNN version 8100
jetUps= (None, 30, 30, 2)
NNinputs= (None, 30, 30, 4)
ComplInput= (None, 30, 30, 6)
Model: "model"
__________________________________________________________________________________________________
Layer (type)                    Output Shape         Param #     Connected to                     
==================================================================================================
input_1 (InputLayer)            [(None, 1)]          0                                            
__________________________________________________________________________________________________
input_2 (InputLayer)            [(None, 1)]          0                                            
__________________________________________________________________________________________________
concatenate (Concatenate)       (None, 2)            0           input_1[0][0]                    
                                                                 input_2[0][0]                    
__________________________________________________________________________________________________
reshape (Reshape)               (None, 1, 1, 2)      0           concatenate[0][0]                
__________________________________________________________________________________________________
input_3 (InputLayer)            [(None, 30, 30, 4)]  0                                            
__________________________________________________________________________________________________
up_sampling2d (UpSampling2D)    (None, 30, 30, 2)    0           reshape[0][0]                    
__________________________________________________________________________________________________
concatenate_1 (Concatenate)     (None, 30, 30, 6)    0           input_3[0][0]                    
                                                                 up_sampling2d[0][0]              
__________________________________________________________________________________________________
conv2d (Conv2D)                 (None, 30, 30, 50)   14750       concatenate_1[0][0]              
__________________________________________________________________________________________________
conv2d_1 (Conv2D)               (None, 30, 30, 40)   50040       conv2d[0][0]                     
__________________________________________________________________________________________________
conv2d_2 (Conv2D)               (None, 30, 30, 40)   40040       conv2d_1[0][0]                   
__________________________________________________________________________________________________
conv2d_3 (Conv2D)               (None, 30, 30, 30)   30030       conv2d_2[0][0]                   
__________________________________________________________________________________________________
conv2d_4 (Conv2D)               (None, 30, 30, 30)   8130        conv2d_3[0][0]                   
__________________________________________________________________________________________________
conv2d_5 (Conv2D)               (None, 30, 30, 30)   8130        conv2d_4[0][0]                   
__________________________________________________________________________________________________
conv2d_9 (Conv2D)               (None, 30, 30, 30)   8130        conv2d_4[0][0]                   
__________________________________________________________________________________________________
conv2d_6 (Conv2D)               (None, 30, 30, 30)   8130        conv2d_5[0][0]                   
__________________________________________________________________________________________________
conv2d_10 (Conv2D)              (None, 30, 30, 25)   6775        conv2d_9[0][0]                   
__________________________________________________________________________________________________
conv2d_7 (Conv2D)               (None, 30, 30, 30)   8130        conv2d_6[0][0]                   
__________________________________________________________________________________________________
conv2d_11 (Conv2D)              (None, 30, 30, 20)   4520        conv2d_10[0][0]                  
__________________________________________________________________________________________________
conv2d_8 (Conv2D)               (None, 30, 30, 18)   4878        conv2d_7[0][0]                   
__________________________________________________________________________________________________
conv2d_12 (Conv2D)              (None, 30, 30, 6)    1086        conv2d_11[0][0]                  
__________________________________________________________________________________________________
reshape_1 (Reshape)             (None, 30, 30, 3, 6) 0           conv2d_8[0][0]                   
__________________________________________________________________________________________________
reshape_2 (Reshape)             (None, 30, 30, 3, 2) 0           conv2d_12[0][0]                  
==================================================================================================
Total params: 192,769
Trainable params: 192,769
Non-trainable params: 0
__________________________________________________________________________________________________
number of  file= 273
number of file validation= 68
total number of events = 8341541
total number of events validation= 2079273
Number of Steps= 130336.578125
training: start
Epoch 1/10
130336/130336 - 13599s - loss: 0.4701 - reshape_1_loss: 0.0088 - reshape_2_loss: 0.4613 - val_loss: 0.4341 - val_reshape_1_loss: 0.0076 - val_reshape_2_loss: 0.4264

Epoch 00001: saving model to weights.01-0.4341.hdf5
Epoch 2/10
130336/130336 - 11144s - loss: 0.4293 - reshape_1_loss: 0.0075 - reshape_2_loss: 0.4219 - val_loss: 0.4248 - val_reshape_1_loss: 0.0074 - val_reshape_2_loss: 0.4174

Epoch 00002: saving model to weights.02-0.4248.hdf5
Epoch 3/10
130336/130336 - 12540s - loss: 0.4239 - reshape_1_loss: 0.0073 - reshape_2_loss: 0.4166 - val_loss: 0.4212 - val_reshape_1_loss: 0.0072 - val_reshape_2_loss: 0.4139

Epoch 00003: saving model to weights.03-0.4212.hdf5
Epoch 4/10
130336/130336 - 13647s - loss: 0.4196 - reshape_1_loss: 0.0072 - reshape_2_loss: 0.4124 - val_loss: 0.4167 - val_reshape_1_loss: 0.0071 - val_reshape_2_loss: 0.4095

Epoch 00004: saving model to weights.04-0.4167.hdf5
Epoch 5/10
130336/130336 - 13762s - loss: 0.4168 - reshape_1_loss: 0.0071 - reshape_2_loss: 0.4097 - val_loss: 0.4163 - val_reshape_1_loss: 0.0071 - val_reshape_2_loss: 0.4092

Epoch 00005: saving model to weights.05-0.4163.hdf5
Epoch 6/10
130336/130336 - 15003s - loss: 0.4147 - reshape_1_loss: 0.0071 - reshape_2_loss: 0.4076 - val_loss: 0.4136 - val_reshape_1_loss: 0.0071 - val_reshape_2_loss: 0.4066

Epoch 00006: saving model to weights.06-0.4136.hdf5
Epoch 7/10
130336/130336 - 13368s - loss: 0.4131 - reshape_1_loss: 0.0071 - reshape_2_loss: 0.4061 - val_loss: 0.4122 - val_reshape_1_loss: 0.0070 - val_reshape_2_loss: 0.4051

Epoch 00007: saving model to weights.07-0.4122.hdf5
Epoch 8/10
130336/130336 - 13713s - loss: 0.4118 - reshape_1_loss: 0.0070 - reshape_2_loss: 0.4048 - val_loss: 0.4137 - val_reshape_1_loss: 0.0071 - val_reshape_2_loss: 0.4066

Epoch 00008: saving model to weights.08-0.4137.hdf5
Epoch 9/10
130336/130336 - 15714s - loss: 0.4107 - reshape_1_loss: 0.0070 - reshape_2_loss: 0.4037 - val_loss: 0.4087 - val_reshape_1_loss: 0.0070 - val_reshape_2_loss: 0.4017

Epoch 00009: saving model to weights.09-0.4087.hdf5
Epoch 10/10
130336/130336 - 14013s - loss: 0.4098 - reshape_1_loss: 0.0070 - reshape_2_loss: 0.4028 - val_loss: 0.4115 - val_reshape_1_loss: 0.0070 - val_reshape_2_loss: 0.4045

Epoch 00010: saving model to weights.10-0.4115.hdf5
done running; now save
training: completed
