2023-03-16 11:22:07.619089: I tensorflow/core/platform/cpu_feature_guard.cc:142] This TensorFlow binary is optimized with oneAPI Deep Neural Network Library (oneDNN) to use the following CPU instructions in performance-critical operations:  AVX2 AVX512F FMA
To enable them in other operations, rebuild TensorFlow with the appropriate compiler flags.
2023-03-16 11:22:09.941311: I tensorflow/core/common_runtime/gpu/gpu_device.cc:1510] Created device /job:localhost/replica:0/task:0/device:GPU:0 with 11317 MB memory:  -> device: 0, name: Tesla P100-PCIE-12GB, pci bus id: 0000:65:00.0, compute capability: 6.0
2023-03-16 11:23:18.324922: I tensorflow/compiler/mlir/mlir_graph_optimization_pass.cc:185] None of the MLIR Optimization Passes are enabled (registered 2)
2023-03-16 11:23:21.589694: I tensorflow/stream_executor/cuda/cuda_dnn.cc:369] Loaded cuDNN version 8100
jetUps= (None, 30, 30, 2)
NNinputs= (None, 30, 30, 4)
ComplInput= (None, 30, 30, 6)
Model: "model"
__________________________________________________________________________________________________
Layer (type)                    Output Shape         Param #     Connected to                     
==================================================================================================
input_1 (InputLayer)            [(None, 1)]          0                                            
__________________________________________________________________________________________________
input_2 (InputLayer)            [(None, 1)]          0                                            
__________________________________________________________________________________________________
concatenate (Concatenate)       (None, 2)            0           input_1[0][0]                    
                                                                 input_2[0][0]                    
__________________________________________________________________________________________________
reshape (Reshape)               (None, 1, 1, 2)      0           concatenate[0][0]                
__________________________________________________________________________________________________
input_3 (InputLayer)            [(None, 30, 30, 4)]  0                                            
__________________________________________________________________________________________________
up_sampling2d (UpSampling2D)    (None, 30, 30, 2)    0           reshape[0][0]                    
__________________________________________________________________________________________________
concatenate_1 (Concatenate)     (None, 30, 30, 6)    0           input_3[0][0]                    
                                                                 up_sampling2d[0][0]              
__________________________________________________________________________________________________
conv2d (Conv2D)                 (None, 30, 30, 50)   14750       concatenate_1[0][0]              
__________________________________________________________________________________________________
conv2d_1 (Conv2D)               (None, 30, 30, 40)   50040       conv2d[0][0]                     
__________________________________________________________________________________________________
conv2d_2 (Conv2D)               (None, 30, 30, 40)   40040       conv2d_1[0][0]                   
__________________________________________________________________________________________________
conv2d_3 (Conv2D)               (None, 30, 30, 30)   30030       conv2d_2[0][0]                   
__________________________________________________________________________________________________
conv2d_4 (Conv2D)               (None, 30, 30, 30)   8130        conv2d_3[0][0]                   
__________________________________________________________________________________________________
conv2d_5 (Conv2D)               (None, 30, 30, 30)   8130        conv2d_4[0][0]                   
__________________________________________________________________________________________________
conv2d_9 (Conv2D)               (None, 30, 30, 30)   8130        conv2d_4[0][0]                   
__________________________________________________________________________________________________
conv2d_6 (Conv2D)               (None, 30, 30, 30)   8130        conv2d_5[0][0]                   
__________________________________________________________________________________________________
conv2d_10 (Conv2D)              (None, 30, 30, 25)   6775        conv2d_9[0][0]                   
__________________________________________________________________________________________________
conv2d_7 (Conv2D)               (None, 30, 30, 30)   8130        conv2d_6[0][0]                   
__________________________________________________________________________________________________
conv2d_11 (Conv2D)              (None, 30, 30, 20)   4520        conv2d_10[0][0]                  
__________________________________________________________________________________________________
conv2d_8 (Conv2D)               (None, 30, 30, 18)   4878        conv2d_7[0][0]                   
__________________________________________________________________________________________________
conv2d_12 (Conv2D)              (None, 30, 30, 6)    1086        conv2d_11[0][0]                  
__________________________________________________________________________________________________
reshape_1 (Reshape)             (None, 30, 30, 3, 6) 0           conv2d_8[0][0]                   
__________________________________________________________________________________________________
reshape_2 (Reshape)             (None, 30, 30, 3, 2) 0           conv2d_12[0][0]                  
==================================================================================================
Total params: 192,769
Trainable params: 192,769
Non-trainable params: 0
__________________________________________________________________________________________________
number of  file= 273
number of file validation= 68
total number of events = 8341541
total number of events validation= 2079273
Number of Steps= 130336.578125
training: start
Epoch 11/20
130336/130336 - 13479s - loss: 0.4044 - reshape_1_loss: 0.0069 - reshape_2_loss: 0.3975 - val_loss: 0.4041 - val_reshape_1_loss: 0.0069 - val_reshape_2_loss: 0.3972

Epoch 00011: saving model to weights.11-0.4041.hdf5
Epoch 12/20
130336/130336 - 13750s - loss: 0.4038 - reshape_1_loss: 0.0069 - reshape_2_loss: 0.3969 - val_loss: 0.4036 - val_reshape_1_loss: 0.0069 - val_reshape_2_loss: 0.3967

Epoch 00012: saving model to weights.12-0.4036.hdf5
Epoch 13/20
130336/130336 - 13772s - loss: 0.4035 - reshape_1_loss: 0.0069 - reshape_2_loss: 0.3966 - val_loss: 0.4034 - val_reshape_1_loss: 0.0069 - val_reshape_2_loss: 0.3965

Epoch 00013: saving model to weights.13-0.4034.hdf5
Epoch 14/20
130336/130336 - 13728s - loss: 0.4032 - reshape_1_loss: 0.0069 - reshape_2_loss: 0.3963 - val_loss: 0.4033 - val_reshape_1_loss: 0.0069 - val_reshape_2_loss: 0.3964

Epoch 00014: saving model to weights.14-0.4033.hdf5
Epoch 15/20
130336/130336 - 13659s - loss: 0.4030 - reshape_1_loss: 0.0069 - reshape_2_loss: 0.3961 - val_loss: 0.4032 - val_reshape_1_loss: 0.0069 - val_reshape_2_loss: 0.3963

Epoch 00015: saving model to weights.15-0.4032.hdf5
Epoch 16/20
130336/130336 - 13661s - loss: 0.4028 - reshape_1_loss: 0.0069 - reshape_2_loss: 0.3959 - val_loss: 0.4028 - val_reshape_1_loss: 0.0069 - val_reshape_2_loss: 0.3960

Epoch 00016: saving model to weights.16-0.4028.hdf5
Epoch 17/20
130336/130336 - 13446s - loss: 0.4026 - reshape_1_loss: 0.0069 - reshape_2_loss: 0.3958 - val_loss: 0.4034 - val_reshape_1_loss: 0.0069 - val_reshape_2_loss: 0.3965

Epoch 00017: saving model to weights.17-0.4034.hdf5
Epoch 18/20
130336/130336 - 10680s - loss: 0.4025 - reshape_1_loss: 0.0069 - reshape_2_loss: 0.3956 - val_loss: 0.4025 - val_reshape_1_loss: 0.0069 - val_reshape_2_loss: 0.3957

Epoch 00018: saving model to weights.18-0.4025.hdf5
Epoch 19/20
130336/130336 - 12739s - loss: 0.4023 - reshape_1_loss: 0.0069 - reshape_2_loss: 0.3955 - val_loss: 0.4026 - val_reshape_1_loss: 0.0068 - val_reshape_2_loss: 0.3957

Epoch 00019: saving model to weights.19-0.4026.hdf5
Epoch 20/20
130336/130336 - 13616s - loss: 0.4021 - reshape_1_loss: 0.0068 - reshape_2_loss: 0.3953 - val_loss: 0.4026 - val_reshape_1_loss: 0.0068 - val_reshape_2_loss: 0.3957

Epoch 00020: saving model to weights.20-0.4026.hdf5
done running; now save
training: completed
