2023-03-20 09:28:20.474752: I tensorflow/core/platform/cpu_feature_guard.cc:142] This TensorFlow binary is optimized with oneAPI Deep Neural Network Library (oneDNN) to use the following CPU instructions in performance-critical operations:  AVX2 AVX512F FMA
To enable them in other operations, rebuild TensorFlow with the appropriate compiler flags.
2023-03-20 09:28:21.326519: I tensorflow/core/common_runtime/gpu/gpu_device.cc:1510] Created device /job:localhost/replica:0/task:0/device:GPU:0 with 11317 MB memory:  -> device: 0, name: Tesla P100-PCIE-12GB, pci bus id: 0000:65:00.0, compute capability: 6.0
2023-03-20 09:29:17.211434: I tensorflow/compiler/mlir/mlir_graph_optimization_pass.cc:185] None of the MLIR Optimization Passes are enabled (registered 2)
2023-03-20 09:29:19.267587: I tensorflow/stream_executor/cuda/cuda_dnn.cc:369] Loaded cuDNN version 8100
jetUps= (None, 30, 30, 2)
NNinputs= (None, 30, 30, 4)
ComplInput= (None, 30, 30, 6)
Model: "model"
__________________________________________________________________________________________________
Layer (type)                    Output Shape         Param #     Connected to                     
==================================================================================================
input_1 (InputLayer)            [(None, 1)]          0                                            
__________________________________________________________________________________________________
input_2 (InputLayer)            [(None, 1)]          0                                            
__________________________________________________________________________________________________
concatenate (Concatenate)       (None, 2)            0           input_1[0][0]                    
                                                                 input_2[0][0]                    
__________________________________________________________________________________________________
reshape (Reshape)               (None, 1, 1, 2)      0           concatenate[0][0]                
__________________________________________________________________________________________________
input_3 (InputLayer)            [(None, 30, 30, 4)]  0                                            
__________________________________________________________________________________________________
up_sampling2d (UpSampling2D)    (None, 30, 30, 2)    0           reshape[0][0]                    
__________________________________________________________________________________________________
concatenate_1 (Concatenate)     (None, 30, 30, 6)    0           input_3[0][0]                    
                                                                 up_sampling2d[0][0]              
__________________________________________________________________________________________________
conv2d (Conv2D)                 (None, 30, 30, 50)   14750       concatenate_1[0][0]              
__________________________________________________________________________________________________
conv2d_1 (Conv2D)               (None, 30, 30, 40)   50040       conv2d[0][0]                     
__________________________________________________________________________________________________
conv2d_2 (Conv2D)               (None, 30, 30, 40)   40040       conv2d_1[0][0]                   
__________________________________________________________________________________________________
conv2d_3 (Conv2D)               (None, 30, 30, 30)   30030       conv2d_2[0][0]                   
__________________________________________________________________________________________________
conv2d_4 (Conv2D)               (None, 30, 30, 30)   8130        conv2d_3[0][0]                   
__________________________________________________________________________________________________
conv2d_5 (Conv2D)               (None, 30, 30, 30)   8130        conv2d_4[0][0]                   
__________________________________________________________________________________________________
conv2d_9 (Conv2D)               (None, 30, 30, 30)   8130        conv2d_4[0][0]                   
__________________________________________________________________________________________________
conv2d_6 (Conv2D)               (None, 30, 30, 30)   8130        conv2d_5[0][0]                   
__________________________________________________________________________________________________
conv2d_10 (Conv2D)              (None, 30, 30, 25)   6775        conv2d_9[0][0]                   
__________________________________________________________________________________________________
conv2d_7 (Conv2D)               (None, 30, 30, 30)   8130        conv2d_6[0][0]                   
__________________________________________________________________________________________________
conv2d_11 (Conv2D)              (None, 30, 30, 20)   4520        conv2d_10[0][0]                  
__________________________________________________________________________________________________
conv2d_8 (Conv2D)               (None, 30, 30, 18)   4878        conv2d_7[0][0]                   
__________________________________________________________________________________________________
conv2d_12 (Conv2D)              (None, 30, 30, 6)    1086        conv2d_11[0][0]                  
__________________________________________________________________________________________________
reshape_1 (Reshape)             (None, 30, 30, 3, 6) 0           conv2d_8[0][0]                   
__________________________________________________________________________________________________
reshape_2 (Reshape)             (None, 30, 30, 3, 2) 0           conv2d_12[0][0]                  
==================================================================================================
Total params: 192,769
Trainable params: 192,769
Non-trainable params: 0
__________________________________________________________________________________________________
number of  file= 273
number of file validation= 68
total number of events = 8341541
total number of events validation= 2079273
Number of Steps= 130336.578125
training: start
Epoch 31/35
130336/130336 - 11653s - loss: 0.3431 - reshape_1_loss: 0.0069 - reshape_2_loss: 0.3363 - val_loss: 0.3436 - val_reshape_1_loss: 0.0068 - val_reshape_2_loss: 0.3367

Epoch 00031: saving model to weights.31-0.3436.hdf5
Epoch 32/35
130336/130336 - 10414s - loss: 0.3429 - reshape_1_loss: 0.0068 - reshape_2_loss: 0.3361 - val_loss: 0.3424 - val_reshape_1_loss: 0.0068 - val_reshape_2_loss: 0.3356

Epoch 00032: saving model to weights.32-0.3424.hdf5
Epoch 33/35
130336/130336 - 11989s - loss: 0.3427 - reshape_1_loss: 0.0068 - reshape_2_loss: 0.3358 - val_loss: 0.3424 - val_reshape_1_loss: 0.0068 - val_reshape_2_loss: 0.3356

Epoch 00033: saving model to weights.33-0.3424.hdf5
Epoch 34/35
130336/130336 - 12238s - loss: 0.3424 - reshape_1_loss: 0.0068 - reshape_2_loss: 0.3356 - val_loss: 0.3424 - val_reshape_1_loss: 0.0068 - val_reshape_2_loss: 0.3355

Epoch 00034: saving model to weights.34-0.3424.hdf5
Epoch 35/35
130336/130336 - 11447s - loss: 0.3422 - reshape_1_loss: 0.0068 - reshape_2_loss: 0.3354 - val_loss: 0.3420 - val_reshape_1_loss: 0.0068 - val_reshape_2_loss: 0.3351

Epoch 00035: saving model to weights.35-0.3420.hdf5
done running; now save
training: completed
