2023-06-29 14:13:14.643970: I tensorflow/core/platform/cpu_feature_guard.cc:142] This TensorFlow binary is optimized with oneAPI Deep Neural Network Library (oneDNN) to use the following CPU instructions in performance-critical operations:  AVX2 AVX512F FMA
To enable them in other operations, rebuild TensorFlow with the appropriate compiler flags.
2023-06-29 14:13:23.429287: I tensorflow/core/common_runtime/gpu/gpu_device.cc:1510] Created device /job:localhost/replica:0/task:0/device:GPU:0 with 1096 MB memory:  -> device: 0, name: Tesla P100-PCIE-12GB, pci bus id: 0000:65:00.0, compute capability: 6.0
2023-06-29 14:16:31.921798: I tensorflow/compiler/mlir/mlir_graph_optimization_pass.cc:185] None of the MLIR Optimization Passes are enabled (registered 2)
2023-06-29 14:16:43.650146: I tensorflow/stream_executor/cuda/cuda_dnn.cc:369] Loaded cuDNN version 8100
jetUps= (None, 30, 30, 2)
NNinputs= (None, 30, 30, 4)
ComplInput= (None, 30, 30, 6)
Model: "model"
__________________________________________________________________________________________________
Layer (type)                    Output Shape         Param #     Connected to                     
==================================================================================================
input_1 (InputLayer)            [(None, 1)]          0                                            
__________________________________________________________________________________________________
input_2 (InputLayer)            [(None, 1)]          0                                            
__________________________________________________________________________________________________
concatenate (Concatenate)       (None, 2)            0           input_1[0][0]                    
                                                                 input_2[0][0]                    
__________________________________________________________________________________________________
reshape (Reshape)               (None, 1, 1, 2)      0           concatenate[0][0]                
__________________________________________________________________________________________________
input_3 (InputLayer)            [(None, 30, 30, 4)]  0                                            
__________________________________________________________________________________________________
up_sampling2d (UpSampling2D)    (None, 30, 30, 2)    0           reshape[0][0]                    
__________________________________________________________________________________________________
concatenate_1 (Concatenate)     (None, 30, 30, 6)    0           input_3[0][0]                    
                                                                 up_sampling2d[0][0]              
__________________________________________________________________________________________________
conv2d (Conv2D)                 (None, 30, 30, 50)   14750       concatenate_1[0][0]              
__________________________________________________________________________________________________
conv2d_1 (Conv2D)               (None, 30, 30, 40)   50040       conv2d[0][0]                     
__________________________________________________________________________________________________
conv2d_2 (Conv2D)               (None, 30, 30, 40)   40040       conv2d_1[0][0]                   
__________________________________________________________________________________________________
conv2d_3 (Conv2D)               (None, 30, 30, 30)   30030       conv2d_2[0][0]                   
__________________________________________________________________________________________________
conv2d_4 (Conv2D)               (None, 30, 30, 30)   8130        conv2d_3[0][0]                   
__________________________________________________________________________________________________
conv2d_5 (Conv2D)               (None, 30, 30, 18)   4878        conv2d_4[0][0]                   
__________________________________________________________________________________________________
conv2d_9 (Conv2D)               (None, 30, 30, 30)   8130        conv2d_4[0][0]                   
__________________________________________________________________________________________________
conv2d_6 (Conv2D)               (None, 30, 30, 18)   2934        conv2d_5[0][0]                   
__________________________________________________________________________________________________
conv2d_10 (Conv2D)              (None, 30, 30, 30)   8130        conv2d_9[0][0]                   
__________________________________________________________________________________________________
conv2d_7 (Conv2D)               (None, 30, 30, 18)   2934        conv2d_6[0][0]                   
__________________________________________________________________________________________________
conv2d_11 (Conv2D)              (None, 30, 30, 30)   8130        conv2d_10[0][0]                  
__________________________________________________________________________________________________
conv2d_8 (Conv2D)               (None, 30, 30, 18)   2934        conv2d_7[0][0]                   
__________________________________________________________________________________________________
conv2d_12 (Conv2D)              (None, 30, 30, 6)    1626        conv2d_11[0][0]                  
__________________________________________________________________________________________________
reshape_1 (Reshape)             (None, 30, 30, 3, 6) 0           conv2d_8[0][0]                   
__________________________________________________________________________________________________
reshape_2 (Reshape)             (None, 30, 30, 3, 2) 0           conv2d_12[0][0]                  
==================================================================================================
Total params: 182,686
Trainable params: 182,686
Non-trainable params: 0
__________________________________________________________________________________________________
number of  file= 264
number of file validation= 66
total number of events = 8069968
total number of events validation= 2015032
Number of Steps= 126093.25
training: start
Epoch 21/25
126093/126093 - 23898s - loss: 1.2896 - reshape_1_loss: 0.9546 - reshape_2_loss: 0.3350 - val_loss: 1.2872 - val_reshape_1_loss: 0.9536 - val_reshape_2_loss: 0.3336

Epoch 00021: saving model to weights.21-1.2872.hdf5
Epoch 22/25
126093/126093 - 19555s - loss: 1.2875 - reshape_1_loss: 0.9541 - reshape_2_loss: 0.3334 - val_loss: 1.2868 - val_reshape_1_loss: 0.9535 - val_reshape_2_loss: 0.3333

Epoch 00022: saving model to weights.22-1.2868.hdf5
Epoch 23/25
126093/126093 - 10780s - loss: 1.2865 - reshape_1_loss: 0.9537 - reshape_2_loss: 0.3327 - val_loss: 1.2856 - val_reshape_1_loss: 0.9533 - val_reshape_2_loss: 0.3324

Epoch 00023: saving model to weights.23-1.2856.hdf5
Epoch 24/25
126093/126093 - 12152s - loss: 1.2856 - reshape_1_loss: 0.9534 - reshape_2_loss: 0.3322 - val_loss: 1.2851 - val_reshape_1_loss: 0.9526 - val_reshape_2_loss: 0.3325

Epoch 00024: saving model to weights.24-1.2851.hdf5
Epoch 25/25
126093/126093 - 13402s - loss: 1.2850 - reshape_1_loss: 0.9531 - reshape_2_loss: 0.3319 - val_loss: 1.2836 - val_reshape_1_loss: 0.9520 - val_reshape_2_loss: 0.3316

Epoch 00025: saving model to weights.25-1.2836.hdf5
done running; now save
training: completed
