2023-06-25 18:08:05.380530: I tensorflow/core/platform/cpu_feature_guard.cc:142] This TensorFlow binary is optimized with oneAPI Deep Neural Network Library (oneDNN) to use the following CPU instructions in performance-critical operations:  AVX2 AVX512F FMA
To enable them in other operations, rebuild TensorFlow with the appropriate compiler flags.
2023-06-25 18:08:06.330278: I tensorflow/core/common_runtime/gpu/gpu_device.cc:1510] Created device /job:localhost/replica:0/task:0/device:GPU:0 with 11317 MB memory:  -> device: 0, name: Tesla P100-PCIE-12GB, pci bus id: 0000:65:00.0, compute capability: 6.0
2023-06-25 18:08:53.580888: I tensorflow/compiler/mlir/mlir_graph_optimization_pass.cc:185] None of the MLIR Optimization Passes are enabled (registered 2)
2023-06-25 18:08:55.426848: I tensorflow/stream_executor/cuda/cuda_dnn.cc:369] Loaded cuDNN version 8100
jetUps= (None, 30, 30, 2)
NNinputs= (None, 30, 30, 4)
ComplInput= (None, 30, 30, 6)
Model: "model"
__________________________________________________________________________________________________
Layer (type)                    Output Shape         Param #     Connected to                     
==================================================================================================
input_1 (InputLayer)            [(None, 1)]          0                                            
__________________________________________________________________________________________________
input_2 (InputLayer)            [(None, 1)]          0                                            
__________________________________________________________________________________________________
concatenate (Concatenate)       (None, 2)            0           input_1[0][0]                    
                                                                 input_2[0][0]                    
__________________________________________________________________________________________________
reshape (Reshape)               (None, 1, 1, 2)      0           concatenate[0][0]                
__________________________________________________________________________________________________
input_3 (InputLayer)            [(None, 30, 30, 4)]  0                                            
__________________________________________________________________________________________________
up_sampling2d (UpSampling2D)    (None, 30, 30, 2)    0           reshape[0][0]                    
__________________________________________________________________________________________________
concatenate_1 (Concatenate)     (None, 30, 30, 6)    0           input_3[0][0]                    
                                                                 up_sampling2d[0][0]              
__________________________________________________________________________________________________
conv2d (Conv2D)                 (None, 30, 30, 50)   14750       concatenate_1[0][0]              
__________________________________________________________________________________________________
conv2d_1 (Conv2D)               (None, 30, 30, 40)   50040       conv2d[0][0]                     
__________________________________________________________________________________________________
conv2d_2 (Conv2D)               (None, 30, 30, 40)   40040       conv2d_1[0][0]                   
__________________________________________________________________________________________________
conv2d_3 (Conv2D)               (None, 30, 30, 30)   30030       conv2d_2[0][0]                   
__________________________________________________________________________________________________
conv2d_4 (Conv2D)               (None, 30, 30, 30)   8130        conv2d_3[0][0]                   
__________________________________________________________________________________________________
conv2d_5 (Conv2D)               (None, 30, 30, 18)   4878        conv2d_4[0][0]                   
__________________________________________________________________________________________________
conv2d_9 (Conv2D)               (None, 30, 30, 30)   8130        conv2d_4[0][0]                   
__________________________________________________________________________________________________
conv2d_6 (Conv2D)               (None, 30, 30, 18)   2934        conv2d_5[0][0]                   
__________________________________________________________________________________________________
conv2d_10 (Conv2D)              (None, 30, 30, 30)   8130        conv2d_9[0][0]                   
__________________________________________________________________________________________________
conv2d_7 (Conv2D)               (None, 30, 30, 18)   2934        conv2d_6[0][0]                   
__________________________________________________________________________________________________
conv2d_11 (Conv2D)              (None, 30, 30, 30)   8130        conv2d_10[0][0]                  
__________________________________________________________________________________________________
conv2d_8 (Conv2D)               (None, 30, 30, 18)   2934        conv2d_7[0][0]                   
__________________________________________________________________________________________________
conv2d_12 (Conv2D)              (None, 30, 30, 6)    1626        conv2d_11[0][0]                  
__________________________________________________________________________________________________
reshape_1 (Reshape)             (None, 30, 30, 3, 6) 0           conv2d_8[0][0]                   
__________________________________________________________________________________________________
reshape_2 (Reshape)             (None, 30, 30, 3, 2) 0           conv2d_12[0][0]                  
==================================================================================================
Total params: 182,686
Trainable params: 182,686
Non-trainable params: 0
__________________________________________________________________________________________________
number of  file= 264
number of file validation= 66
total number of events = 8069968
total number of events validation= 2015032
Number of Steps= 126093.25
training: start
Epoch 6/10
126093/126093 - 12399s - loss: 1.3983 - reshape_1_loss: 0.9923 - reshape_2_loss: 0.4060 - val_loss: 1.3988 - val_reshape_1_loss: 0.9934 - val_reshape_2_loss: 0.4053

Epoch 00006: saving model to weights.06-1.3988.hdf5
Epoch 7/10
126093/126093 - 12746s - loss: 1.3965 - reshape_1_loss: 0.9911 - reshape_2_loss: 0.4053 - val_loss: 1.3827 - val_reshape_1_loss: 0.9809 - val_reshape_2_loss: 0.4018

Epoch 00007: saving model to weights.07-1.3827.hdf5
Epoch 8/10
126093/126093 - 11730s - loss: 1.3929 - reshape_1_loss: 0.9888 - reshape_2_loss: 0.4042 - val_loss: 1.3826 - val_reshape_1_loss: 0.9808 - val_reshape_2_loss: 0.4017

Epoch 00008: saving model to weights.08-1.3826.hdf5
Epoch 9/10
126093/126093 - 10209s - loss: 1.3906 - reshape_1_loss: 0.9872 - reshape_2_loss: 0.4034 - val_loss: 1.3825 - val_reshape_1_loss: 0.9809 - val_reshape_2_loss: 0.4016

Epoch 00009: saving model to weights.09-1.3825.hdf5
Epoch 10/10
126093/126093 - 11072s - loss: 1.3879 - reshape_1_loss: 0.9854 - reshape_2_loss: 0.4025 - val_loss: 1.3783 - val_reshape_1_loss: 0.9782 - val_reshape_2_loss: 0.4001

Epoch 00010: saving model to weights.10-1.3783.hdf5
done running; now save
training: completed
