2023-06-26 17:44:08.863179: I tensorflow/core/platform/cpu_feature_guard.cc:142] This TensorFlow binary is optimized with oneAPI Deep Neural Network Library (oneDNN) to use the following CPU instructions in performance-critical operations:  AVX2 AVX512F FMA
To enable them in other operations, rebuild TensorFlow with the appropriate compiler flags.
2023-06-26 17:44:12.881551: I tensorflow/core/common_runtime/gpu/gpu_device.cc:1510] Created device /job:localhost/replica:0/task:0/device:GPU:0 with 10399 MB memory:  -> device: 0, name: Tesla P100-PCIE-12GB, pci bus id: 0000:65:00.0, compute capability: 6.0
2023-06-26 17:45:09.271586: I tensorflow/compiler/mlir/mlir_graph_optimization_pass.cc:185] None of the MLIR Optimization Passes are enabled (registered 2)
2023-06-26 17:45:14.745900: I tensorflow/stream_executor/cuda/cuda_dnn.cc:369] Loaded cuDNN version 8100
jetUps= (None, 30, 30, 2)
NNinputs= (None, 30, 30, 4)
ComplInput= (None, 30, 30, 6)
Model: "model"
__________________________________________________________________________________________________
Layer (type)                    Output Shape         Param #     Connected to                     
==================================================================================================
input_1 (InputLayer)            [(None, 1)]          0                                            
__________________________________________________________________________________________________
input_2 (InputLayer)            [(None, 1)]          0                                            
__________________________________________________________________________________________________
concatenate (Concatenate)       (None, 2)            0           input_1[0][0]                    
                                                                 input_2[0][0]                    
__________________________________________________________________________________________________
reshape (Reshape)               (None, 1, 1, 2)      0           concatenate[0][0]                
__________________________________________________________________________________________________
input_3 (InputLayer)            [(None, 30, 30, 4)]  0                                            
__________________________________________________________________________________________________
up_sampling2d (UpSampling2D)    (None, 30, 30, 2)    0           reshape[0][0]                    
__________________________________________________________________________________________________
concatenate_1 (Concatenate)     (None, 30, 30, 6)    0           input_3[0][0]                    
                                                                 up_sampling2d[0][0]              
__________________________________________________________________________________________________
conv2d (Conv2D)                 (None, 30, 30, 50)   14750       concatenate_1[0][0]              
__________________________________________________________________________________________________
conv2d_1 (Conv2D)               (None, 30, 30, 40)   50040       conv2d[0][0]                     
__________________________________________________________________________________________________
conv2d_2 (Conv2D)               (None, 30, 30, 40)   40040       conv2d_1[0][0]                   
__________________________________________________________________________________________________
conv2d_3 (Conv2D)               (None, 30, 30, 30)   30030       conv2d_2[0][0]                   
__________________________________________________________________________________________________
conv2d_4 (Conv2D)               (None, 30, 30, 30)   8130        conv2d_3[0][0]                   
__________________________________________________________________________________________________
conv2d_5 (Conv2D)               (None, 30, 30, 18)   4878        conv2d_4[0][0]                   
__________________________________________________________________________________________________
conv2d_9 (Conv2D)               (None, 30, 30, 30)   8130        conv2d_4[0][0]                   
__________________________________________________________________________________________________
conv2d_6 (Conv2D)               (None, 30, 30, 18)   2934        conv2d_5[0][0]                   
__________________________________________________________________________________________________
conv2d_10 (Conv2D)              (None, 30, 30, 30)   8130        conv2d_9[0][0]                   
__________________________________________________________________________________________________
conv2d_7 (Conv2D)               (None, 30, 30, 18)   2934        conv2d_6[0][0]                   
__________________________________________________________________________________________________
conv2d_11 (Conv2D)              (None, 30, 30, 30)   8130        conv2d_10[0][0]                  
__________________________________________________________________________________________________
conv2d_8 (Conv2D)               (None, 30, 30, 18)   2934        conv2d_7[0][0]                   
__________________________________________________________________________________________________
conv2d_12 (Conv2D)              (None, 30, 30, 6)    1626        conv2d_11[0][0]                  
__________________________________________________________________________________________________
reshape_1 (Reshape)             (None, 30, 30, 3, 6) 0           conv2d_8[0][0]                   
__________________________________________________________________________________________________
reshape_2 (Reshape)             (None, 30, 30, 3, 2) 0           conv2d_12[0][0]                  
==================================================================================================
Total params: 182,686
Trainable params: 182,686
Non-trainable params: 0
__________________________________________________________________________________________________
number of  file= 264
number of file validation= 66
total number of events = 8069968
total number of events validation= 2015032
Number of Steps= 126093.25
training: start
Epoch 11/15
126093/126093 - 12391s - loss: 1.3841 - reshape_1_loss: 0.9828 - reshape_2_loss: 0.4013 - val_loss: 1.3765 - val_reshape_1_loss: 0.9773 - val_reshape_2_loss: 0.3992

Epoch 00011: saving model to weights.11-1.3765.hdf5
Epoch 12/15
126093/126093 - 13201s - loss: 1.3819 - reshape_1_loss: 0.9813 - reshape_2_loss: 0.4006 - val_loss: 1.3737 - val_reshape_1_loss: 0.9749 - val_reshape_2_loss: 0.3988

Epoch 00012: saving model to weights.12-1.3737.hdf5
Epoch 13/15
126093/126093 - 12959s - loss: 1.3807 - reshape_1_loss: 0.9805 - reshape_2_loss: 0.4002 - val_loss: 1.3699 - val_reshape_1_loss: 0.9722 - val_reshape_2_loss: 0.3977

Epoch 00013: saving model to weights.13-1.3699.hdf5
Epoch 14/15
126093/126093 - 12915s - loss: 1.3793 - reshape_1_loss: 0.9796 - reshape_2_loss: 0.3997 - val_loss: 1.3692 - val_reshape_1_loss: 0.9718 - val_reshape_2_loss: 0.3974

Epoch 00014: saving model to weights.14-1.3692.hdf5
Epoch 15/15
126093/126093 - 12006s - loss: 1.3780 - reshape_1_loss: 0.9787 - reshape_2_loss: 0.3993 - val_loss: 1.3690 - val_reshape_1_loss: 0.9715 - val_reshape_2_loss: 0.3975

Epoch 00015: saving model to weights.15-1.3690.hdf5
done running; now save
training: completed
