2023-06-28 14:24:06.411219: I tensorflow/core/platform/cpu_feature_guard.cc:142] This TensorFlow binary is optimized with oneAPI Deep Neural Network Library (oneDNN) to use the following CPU instructions in performance-critical operations:  AVX2 AVX512F FMA
To enable them in other operations, rebuild TensorFlow with the appropriate compiler flags.
2023-06-28 14:24:07.359152: I tensorflow/core/common_runtime/gpu/gpu_device.cc:1510] Created device /job:localhost/replica:0/task:0/device:GPU:0 with 7113 MB memory:  -> device: 0, name: Tesla P100-PCIE-12GB, pci bus id: 0000:65:00.0, compute capability: 6.0
2023-06-28 14:25:23.543493: I tensorflow/compiler/mlir/mlir_graph_optimization_pass.cc:185] None of the MLIR Optimization Passes are enabled (registered 2)
2023-06-28 14:25:25.984309: I tensorflow/stream_executor/cuda/cuda_dnn.cc:369] Loaded cuDNN version 8100
jetUps= (None, 30, 30, 2)
NNinputs= (None, 30, 30, 4)
ComplInput= (None, 30, 30, 6)
Model: "model"
__________________________________________________________________________________________________
Layer (type)                    Output Shape         Param #     Connected to                     
==================================================================================================
input_1 (InputLayer)            [(None, 1)]          0                                            
__________________________________________________________________________________________________
input_2 (InputLayer)            [(None, 1)]          0                                            
__________________________________________________________________________________________________
concatenate (Concatenate)       (None, 2)            0           input_1[0][0]                    
                                                                 input_2[0][0]                    
__________________________________________________________________________________________________
reshape (Reshape)               (None, 1, 1, 2)      0           concatenate[0][0]                
__________________________________________________________________________________________________
input_3 (InputLayer)            [(None, 30, 30, 4)]  0                                            
__________________________________________________________________________________________________
up_sampling2d (UpSampling2D)    (None, 30, 30, 2)    0           reshape[0][0]                    
__________________________________________________________________________________________________
concatenate_1 (Concatenate)     (None, 30, 30, 6)    0           input_3[0][0]                    
                                                                 up_sampling2d[0][0]              
__________________________________________________________________________________________________
conv2d (Conv2D)                 (None, 30, 30, 50)   14750       concatenate_1[0][0]              
__________________________________________________________________________________________________
conv2d_1 (Conv2D)               (None, 30, 30, 40)   50040       conv2d[0][0]                     
__________________________________________________________________________________________________
conv2d_2 (Conv2D)               (None, 30, 30, 40)   40040       conv2d_1[0][0]                   
__________________________________________________________________________________________________
conv2d_3 (Conv2D)               (None, 30, 30, 30)   30030       conv2d_2[0][0]                   
__________________________________________________________________________________________________
conv2d_4 (Conv2D)               (None, 30, 30, 30)   8130        conv2d_3[0][0]                   
__________________________________________________________________________________________________
conv2d_5 (Conv2D)               (None, 30, 30, 18)   4878        conv2d_4[0][0]                   
__________________________________________________________________________________________________
conv2d_9 (Conv2D)               (None, 30, 30, 30)   8130        conv2d_4[0][0]                   
__________________________________________________________________________________________________
conv2d_6 (Conv2D)               (None, 30, 30, 18)   2934        conv2d_5[0][0]                   
__________________________________________________________________________________________________
conv2d_10 (Conv2D)              (None, 30, 30, 30)   8130        conv2d_9[0][0]                   
__________________________________________________________________________________________________
conv2d_7 (Conv2D)               (None, 30, 30, 18)   2934        conv2d_6[0][0]                   
__________________________________________________________________________________________________
conv2d_11 (Conv2D)              (None, 30, 30, 30)   8130        conv2d_10[0][0]                  
__________________________________________________________________________________________________
conv2d_8 (Conv2D)               (None, 30, 30, 18)   2934        conv2d_7[0][0]                   
__________________________________________________________________________________________________
conv2d_12 (Conv2D)              (None, 30, 30, 6)    1626        conv2d_11[0][0]                  
__________________________________________________________________________________________________
reshape_1 (Reshape)             (None, 30, 30, 3, 6) 0           conv2d_8[0][0]                   
__________________________________________________________________________________________________
reshape_2 (Reshape)             (None, 30, 30, 3, 2) 0           conv2d_12[0][0]                  
==================================================================================================
Total params: 182,686
Trainable params: 182,686
Non-trainable params: 0
__________________________________________________________________________________________________
number of  file= 264
number of file validation= 66
total number of events = 8069968
total number of events validation= 2015032
Number of Steps= 126093.25
training: start
Epoch 16/20
126093/126093 - 10827s - loss: 1.3516 - reshape_1_loss: 0.9594 - reshape_2_loss: 0.3922 - val_loss: 1.3492 - val_reshape_1_loss: 0.9574 - val_reshape_2_loss: 0.3918

Epoch 00016: saving model to weights.16-1.3492.hdf5
Epoch 17/20
126093/126093 - 10851s - loss: 1.3486 - reshape_1_loss: 0.9572 - reshape_2_loss: 0.3915 - val_loss: 1.3475 - val_reshape_1_loss: 0.9561 - val_reshape_2_loss: 0.3914

Epoch 00017: saving model to weights.17-1.3475.hdf5
Epoch 18/20
126093/126093 - 13002s - loss: 1.3473 - reshape_1_loss: 0.9562 - reshape_2_loss: 0.3911 - val_loss: 1.3460 - val_reshape_1_loss: 0.9551 - val_reshape_2_loss: 0.3909

Epoch 00018: saving model to weights.18-1.3460.hdf5
Epoch 19/20
126093/126093 - 12968s - loss: 1.3464 - reshape_1_loss: 0.9555 - reshape_2_loss: 0.3909 - val_loss: 1.3454 - val_reshape_1_loss: 0.9545 - val_reshape_2_loss: 0.3908

Epoch 00019: saving model to weights.19-1.3454.hdf5
Epoch 20/20
126093/126093 - 14298s - loss: 1.3457 - reshape_1_loss: 0.9551 - reshape_2_loss: 0.3907 - val_loss: 1.3455 - val_reshape_1_loss: 0.9546 - val_reshape_2_loss: 0.3909

Epoch 00020: saving model to weights.20-1.3455.hdf5
done running; now save
training: completed
