2023-06-24 10:55:18.297087: I tensorflow/core/platform/cpu_feature_guard.cc:142] This TensorFlow binary is optimized with oneAPI Deep Neural Network Library (oneDNN) to use the following CPU instructions in performance-critical operations:  AVX2 AVX512F FMA
To enable them in other operations, rebuild TensorFlow with the appropriate compiler flags.
2023-06-24 10:55:22.290089: I tensorflow/core/common_runtime/gpu/gpu_device.cc:1510] Created device /job:localhost/replica:0/task:0/device:GPU:0 with 10399 MB memory:  -> device: 0, name: Tesla P100-PCIE-12GB, pci bus id: 0000:65:00.0, compute capability: 6.0
2023-06-24 10:56:27.832925: I tensorflow/compiler/mlir/mlir_graph_optimization_pass.cc:185] None of the MLIR Optimization Passes are enabled (registered 2)
2023-06-24 10:56:33.523215: I tensorflow/stream_executor/cuda/cuda_dnn.cc:369] Loaded cuDNN version 8100
jetUps= (None, 30, 30, 2)
NNinputs= (None, 30, 30, 4)
ComplInput= (None, 30, 30, 6)
Model: "model"
__________________________________________________________________________________________________
Layer (type)                    Output Shape         Param #     Connected to                     
==================================================================================================
input_1 (InputLayer)            [(None, 1)]          0                                            
__________________________________________________________________________________________________
input_2 (InputLayer)            [(None, 1)]          0                                            
__________________________________________________________________________________________________
concatenate (Concatenate)       (None, 2)            0           input_1[0][0]                    
                                                                 input_2[0][0]                    
__________________________________________________________________________________________________
reshape (Reshape)               (None, 1, 1, 2)      0           concatenate[0][0]                
__________________________________________________________________________________________________
input_3 (InputLayer)            [(None, 30, 30, 4)]  0                                            
__________________________________________________________________________________________________
up_sampling2d (UpSampling2D)    (None, 30, 30, 2)    0           reshape[0][0]                    
__________________________________________________________________________________________________
concatenate_1 (Concatenate)     (None, 30, 30, 6)    0           input_3[0][0]                    
                                                                 up_sampling2d[0][0]              
__________________________________________________________________________________________________
conv2d (Conv2D)                 (None, 30, 30, 50)   14750       concatenate_1[0][0]              
__________________________________________________________________________________________________
conv2d_1 (Conv2D)               (None, 30, 30, 40)   50040       conv2d[0][0]                     
__________________________________________________________________________________________________
conv2d_2 (Conv2D)               (None, 30, 30, 40)   40040       conv2d_1[0][0]                   
__________________________________________________________________________________________________
conv2d_3 (Conv2D)               (None, 30, 30, 30)   30030       conv2d_2[0][0]                   
__________________________________________________________________________________________________
conv2d_4 (Conv2D)               (None, 30, 30, 30)   8130        conv2d_3[0][0]                   
__________________________________________________________________________________________________
conv2d_5 (Conv2D)               (None, 30, 30, 18)   4878        conv2d_4[0][0]                   
__________________________________________________________________________________________________
conv2d_9 (Conv2D)               (None, 30, 30, 30)   8130        conv2d_4[0][0]                   
__________________________________________________________________________________________________
conv2d_6 (Conv2D)               (None, 30, 30, 18)   2934        conv2d_5[0][0]                   
__________________________________________________________________________________________________
conv2d_10 (Conv2D)              (None, 30, 30, 30)   8130        conv2d_9[0][0]                   
__________________________________________________________________________________________________
conv2d_7 (Conv2D)               (None, 30, 30, 18)   2934        conv2d_6[0][0]                   
__________________________________________________________________________________________________
conv2d_11 (Conv2D)              (None, 30, 30, 30)   8130        conv2d_10[0][0]                  
__________________________________________________________________________________________________
conv2d_8 (Conv2D)               (None, 30, 30, 18)   2934        conv2d_7[0][0]                   
__________________________________________________________________________________________________
conv2d_12 (Conv2D)              (None, 30, 30, 6)    1626        conv2d_11[0][0]                  
__________________________________________________________________________________________________
reshape_1 (Reshape)             (None, 30, 30, 3, 6) 0           conv2d_8[0][0]                   
__________________________________________________________________________________________________
reshape_2 (Reshape)             (None, 30, 30, 3, 2) 0           conv2d_12[0][0]                  
==================================================================================================
Total params: 182,686
Trainable params: 182,686
Non-trainable params: 0
__________________________________________________________________________________________________
number of  file= 264
number of file validation= 66
total number of events = 8069968
total number of events validation= 2015032
Number of Steps= 126093.25
training: start
Epoch 1/5
126093/126093 - 11355s - loss: 1.6627 - reshape_1_loss: 1.2028 - reshape_2_loss: 0.4598 - val_loss: 1.4888 - val_reshape_1_loss: 1.0636 - val_reshape_2_loss: 0.4252

Epoch 00001: saving model to weights.01-1.4888.hdf5
Epoch 2/5
126093/126093 - 11653s - loss: 1.4594 - reshape_1_loss: 1.0385 - reshape_2_loss: 0.4209 - val_loss: 1.4324 - val_reshape_1_loss: 1.0171 - val_reshape_2_loss: 0.4152

Epoch 00002: saving model to weights.02-1.4324.hdf5
Epoch 3/5
126093/126093 - 13002s - loss: 1.4269 - reshape_1_loss: 1.0125 - reshape_2_loss: 0.4144 - val_loss: 1.4140 - val_reshape_1_loss: 1.0026 - val_reshape_2_loss: 0.4114

Epoch 00003: saving model to weights.03-1.4140.hdf5
Epoch 4/5
126093/126093 - 12877s - loss: 1.4125 - reshape_1_loss: 1.0019 - reshape_2_loss: 0.4107 - val_loss: 1.4022 - val_reshape_1_loss: 0.9945 - val_reshape_2_loss: 0.4077

Epoch 00004: saving model to weights.04-1.4022.hdf5
Epoch 5/5
126093/126093 - 13059s - loss: 1.4029 - reshape_1_loss: 0.9953 - reshape_2_loss: 0.4077 - val_loss: 1.3894 - val_reshape_1_loss: 0.9852 - val_reshape_2_loss: 0.4043

Epoch 00005: saving model to weights.05-1.3894.hdf5
done running; now save
training: completed
